<!DOCTYPE html>

<html>
  <head>
  <meta charset='utf-8'>
  <title>TestNG reports</title>

    <link type="text/css" href="testng-reports1.css" rel="stylesheet" id="ultra" />
    <link type="text/css" href="testng-reports.css" rel="stylesheet" id="retro" disabled="false"/>
    <script type="text/javascript" src="jquery-3.6.0.min.js"></script>
    <script type="text/javascript" src="testng-reports.js"></script>
    <script type="text/javascript" src="https://www.google.com/jsapi"></script>
    <script type='text/javascript'>
      google.load('visualization', '1', {packages:['table']});
      google.setOnLoadCallback(drawTable);
      var suiteTableInitFunctions = new Array();
      var suiteTableData = new Array();
    </script>
    <!--
      <script type="text/javascript" src="jquery-ui/js/jquery-ui-1.8.16.custom.min.js"></script>
     -->
  </head>

  <body>    <div class="top-banner-root">
      <span class="top-banner-title-font">Test results</span>
      <button id="button" class="button">Switch Retro Theme</button> <!-- button -->
      <br/>
      <span class="top-banner-font-1">1 suite, 10 failed tests</span>
    </div> <!-- top-banner-root -->
    <div class="navigator-root">
      <div class="navigator-suite-header">
        <span>All suites</span>
        <a href="#" title="Collapse/expand all the suites" class="collapse-all-link">
          <img src="collapseall.gif" class="collapse-all-icon">
          </img> <!-- collapse-all-icon -->
        </a> <!-- collapse-all-link -->
      </div> <!-- navigator-suite-header -->
      <div class="suite">
        <div class="rounded-window">
          <div class="suite-header light-rounded-window-top">
            <a href="#" panel-name="suite-PetStoreSuite" class="navigator-link">
              <span class="suite-name border-failed">PetStoreSuite</span>
            </a> <!-- navigator-link -->
          </div> <!-- suite-header light-rounded-window-top -->
          <div class="navigator-suite-content">
            <div class="suite-section-title">
              <span>Info</span>
            </div> <!-- suite-section-title -->
            <div class="suite-section-content">
              <ul>
                <li>
                  <a href="#" panel-name="test-xml-PetStoreSuite" class="navigator-link ">
                    <span>C:\Users\Raghav_Pareek\Desktop\Hybrid_Automation\PetStoreAutomation\testng.xml</span>
                  </a> <!-- navigator-link  -->
                </li>
                <li>
                  <a href="#" panel-name="testlist-PetStoreSuite" class="navigator-link ">
                    <span class="test-stats">1 test</span>
                  </a> <!-- navigator-link  -->
                </li>
                <li>
                  <a href="#" panel-name="group-PetStoreSuite" class="navigator-link ">
                    <span>1 group</span>
                  </a> <!-- navigator-link  -->
                </li>
                <li>
                  <a href="#" panel-name="times-PetStoreSuite" class="navigator-link ">
                    <span>Times</span>
                  </a> <!-- navigator-link  -->
                </li>
                <li>
                  <a href="#" panel-name="reporter-PetStoreSuite" class="navigator-link ">
                    <span>Reporter output</span>
                  </a> <!-- navigator-link  -->
                </li>
                <li>
                  <a href="#" panel-name="ignored-methods-PetStoreSuite" class="navigator-link ">
                    <span>Ignored methods</span>
                  </a> <!-- navigator-link  -->
                </li>
                <li>
                  <a href="#" panel-name="chronological-PetStoreSuite" class="navigator-link ">
                    <span>Chronological view</span>
                  </a> <!-- navigator-link  -->
                </li>
              </ul>
            </div> <!-- suite-section-content -->
            <div class="result-section">
              <div class="suite-section-title">
                <span>Results</span>
              </div> <!-- suite-section-title -->
              <div class="suite-section-content">
                <ul>
                  <li>
                    <span class="method-stats">19 methods, 10 failed,   9 passed</span>
                  </li>
                  <li>
                    <span class="method-list-title failed">Failed methods</span>
                    <span class="show-or-hide-methods failed">
                      <a href="#" panel-name="suite-PetStoreSuite" class="hide-methods failed suite-PetStoreSuite"> (hide)</a> <!-- hide-methods failed suite-PetStoreSuite -->
                      <a href="#" panel-name="suite-PetStoreSuite" class="show-methods failed suite-PetStoreSuite"> (show)</a> <!-- show-methods failed suite-PetStoreSuite -->
                    </span>
                    <div class="method-list-content failed suite-PetStoreSuite">
                      <span>
                        <img src="failed.png" width="3%"/>
                        <a href="#" panel-name="suite-PetStoreSuite" title="api.test.PaymentTestsISA" class="method navigator-link" hash-for-method="testCreatePayment">testCreatePayment</a> <!-- method navigator-link -->
                      </span>
                      <br/>
                      <span>
                        <img src="failed.png" width="3%"/>
                        <a href="#" panel-name="suite-PetStoreSuite" title="api.test.DDTests" class="method navigator-link" hash-for-method="testCreateUserDD">testCreateUserDD</a> <!-- method navigator-link -->
                      </span>
                      <br/>
                      <span>
                        <img src="failed.png" width="3%"/>
                        <a href="#" panel-name="suite-PetStoreSuite" title="api.test.PaymentTestsISA" class="method navigator-link" hash-for-method="testDeletePayment">testDeletePayment</a> <!-- method navigator-link -->
                      </span>
                      <br/>
                      <span>
                        <img src="failed.png" width="3%"/>
                        <a href="#" panel-name="suite-PetStoreSuite" title="api.test.PaymentTestsISA" class="method navigator-link" hash-for-method="testGetPayment">testGetPayment</a> <!-- method navigator-link -->
                      </span>
                      <br/>
                      <span>
                        <img src="failed.png" width="3%"/>
                        <a href="#" panel-name="suite-PetStoreSuite" title="api.test.UserTests2" class="method navigator-link" hash-for-method="testGetUser">testGetUser</a> <!-- method navigator-link -->
                      </span>
                      <br/>
                      <span>
                        <img src="failed.png" width="3%"/>
                        <a href="#" panel-name="suite-PetStoreSuite" title="api.test.UserTests" class="method navigator-link" hash-for-method="testGetUser">testGetUser</a> <!-- method navigator-link -->
                      </span>
                      <br/>
                      <span>
                        <img src="failed.png" width="3%"/>
                        <a href="#" panel-name="suite-PetStoreSuite" title="api.test.UserTestsISA" class="method navigator-link" hash-for-method="testGetUser">testGetUser</a> <!-- method navigator-link -->
                      </span>
                      <br/>
                      <span>
                        <img src="failed.png" width="3%"/>
                        <a href="#" panel-name="suite-PetStoreSuite" title="api.test.ISATests" class="method navigator-link" hash-for-method="testISAEndpoints">testISAEndpoints</a> <!-- method navigator-link -->
                      </span>
                      <br/>
                      <span>
                        <img src="failed.png" width="3%"/>
                        <a href="#" panel-name="suite-PetStoreSuite" title="api.test.DDTests" class="method navigator-link" hash-for-method="testReadUserDD">testReadUserDD</a> <!-- method navigator-link -->
                      </span>
                      <br/>
                      <span>
                        <img src="failed.png" width="3%"/>
                        <a href="#" panel-name="suite-PetStoreSuite" title="api.test.PaymentTestsISA" class="method navigator-link" hash-for-method="testUpdatePayment">testUpdatePayment</a> <!-- method navigator-link -->
                      </span>
                      <br/>
                    </div> <!-- method-list-content failed suite-PetStoreSuite -->
                  </li>
                  <li>
                    <span class="method-list-title passed">Passed methods</span>
                    <span class="show-or-hide-methods passed">
                      <a href="#" panel-name="suite-PetStoreSuite" class="hide-methods passed suite-PetStoreSuite"> (hide)</a> <!-- hide-methods passed suite-PetStoreSuite -->
                      <a href="#" panel-name="suite-PetStoreSuite" class="show-methods passed suite-PetStoreSuite"> (show)</a> <!-- show-methods passed suite-PetStoreSuite -->
                    </span>
                    <div class="method-list-content passed suite-PetStoreSuite">
                      <span>
                        <img src="passed.png" width="3%"/>
                        <a href="#" panel-name="suite-PetStoreSuite" title="api.test.UserTests" class="method navigator-link" hash-for-method="testCreateUser">testCreateUser</a> <!-- method navigator-link -->
                      </span>
                      <br/>
                      <span>
                        <img src="passed.png" width="3%"/>
                        <a href="#" panel-name="suite-PetStoreSuite" title="api.test.UserTestsISA" class="method navigator-link" hash-for-method="testCreateUser">testCreateUser</a> <!-- method navigator-link -->
                      </span>
                      <br/>
                      <span>
                        <img src="passed.png" width="3%"/>
                        <a href="#" panel-name="suite-PetStoreSuite" title="api.test.UserTests2" class="method navigator-link" hash-for-method="testCreateUser">testCreateUser</a> <!-- method navigator-link -->
                      </span>
                      <br/>
                      <span>
                        <img src="passed.png" width="3%"/>
                        <a href="#" panel-name="suite-PetStoreSuite" title="api.test.UserTestsISA" class="method navigator-link" hash-for-method="testDeleteUser">testDeleteUser</a> <!-- method navigator-link -->
                      </span>
                      <br/>
                      <span>
                        <img src="passed.png" width="3%"/>
                        <a href="#" panel-name="suite-PetStoreSuite" title="api.test.UserTests" class="method navigator-link" hash-for-method="testDeleteUser">testDeleteUser</a> <!-- method navigator-link -->
                      </span>
                      <br/>
                      <span>
                        <img src="passed.png" width="3%"/>
                        <a href="#" panel-name="suite-PetStoreSuite" title="api.test.UserTests2" class="method navigator-link" hash-for-method="testDeleteUser">testDeleteUser</a> <!-- method navigator-link -->
                      </span>
                      <br/>
                      <span>
                        <img src="passed.png" width="3%"/>
                        <a href="#" panel-name="suite-PetStoreSuite" title="api.test.UserTestsISA" class="method navigator-link" hash-for-method="testUpdateUser">testUpdateUser</a> <!-- method navigator-link -->
                      </span>
                      <br/>
                      <span>
                        <img src="passed.png" width="3%"/>
                        <a href="#" panel-name="suite-PetStoreSuite" title="api.test.UserTests" class="method navigator-link" hash-for-method="testUpdateUser">testUpdateUser</a> <!-- method navigator-link -->
                      </span>
                      <br/>
                      <span>
                        <img src="passed.png" width="3%"/>
                        <a href="#" panel-name="suite-PetStoreSuite" title="api.test.UserTests2" class="method navigator-link" hash-for-method="testUpdateUser">testUpdateUser</a> <!-- method navigator-link -->
                      </span>
                      <br/>
                    </div> <!-- method-list-content passed suite-PetStoreSuite -->
                  </li>
                </ul>
              </div> <!-- suite-section-content -->
            </div> <!-- result-section -->
          </div> <!-- navigator-suite-content -->
        </div> <!-- rounded-window -->
      </div> <!-- suite -->
    </div> <!-- navigator-root -->
    <div class="wrapper">
      <div class="main-panel-root">
        <div panel-name="suite-PetStoreSuite" class="panel PetStoreSuite">
          <div class="suite-PetStoreSuite-class-failed">
            <div class="main-panel-header rounded-window-top">
              <img src="failed.png"/>
              <span class="class-name">api.test.PaymentTestsISA</span>
            </div> <!-- main-panel-header rounded-window-top -->
            <div class="main-panel-content rounded-window-bottom">
              <div class="method">
                <div class="method-content">
                  <a name="testCreatePayment">
                  </a> <!-- testCreatePayment -->
                  <span class="method-name">testCreatePayment</span>
                  <div class="stack-trace">java.lang.AssertionError: expected [200] but found [404]
	at api.test.PaymentTestsISA.testCreatePayment(PaymentTestsISA.java:23)
	at java.base/java.util.ArrayList.forEach(ArrayList.java:1511)
... Removed 38 stack frames
</div> <!-- stack-trace -->
                </div> <!-- method-content -->
              </div> <!-- method -->
              <div class="method">
                <div class="method-content">
                  <a name="testDeletePayment">
                  </a> <!-- testDeletePayment -->
                  <span class="method-name">testDeletePayment</span>
                  <div class="stack-trace">java.lang.AssertionError: expected [200] but found [404]
	at api.test.PaymentTestsISA.testDeletePayment(PaymentTestsISA.java:47)
	at java.base/java.util.ArrayList.forEach(ArrayList.java:1511)
... Removed 38 stack frames
</div> <!-- stack-trace -->
                </div> <!-- method-content -->
              </div> <!-- method -->
              <div class="method">
                <div class="method-content">
                  <a name="testGetPayment">
                  </a> <!-- testGetPayment -->
                  <span class="method-name">testGetPayment</span>
                  <div class="stack-trace">java.lang.AssertionError: expected [200] but found [404]
	at api.test.PaymentTestsISA.testGetPayment(PaymentTestsISA.java:29)
	at java.base/java.util.ArrayList.forEach(ArrayList.java:1511)
... Removed 38 stack frames
</div> <!-- stack-trace -->
                </div> <!-- method-content -->
              </div> <!-- method -->
              <div class="method">
                <div class="method-content">
                  <a name="testUpdatePayment">
                  </a> <!-- testUpdatePayment -->
                  <span class="method-name">testUpdatePayment</span>
                  <div class="stack-trace">java.lang.AssertionError: expected [200] but found [404]
	at api.test.PaymentTestsISA.testUpdatePayment(PaymentTestsISA.java:41)
	at java.base/java.util.ArrayList.forEach(ArrayList.java:1511)
... Removed 38 stack frames
</div> <!-- stack-trace -->
                </div> <!-- method-content -->
              </div> <!-- method -->
            </div> <!-- main-panel-content rounded-window-bottom -->
          </div> <!-- suite-PetStoreSuite-class-failed -->
          <div class="suite-PetStoreSuite-class-failed">
            <div class="main-panel-header rounded-window-top">
              <img src="failed.png"/>
              <span class="class-name">api.test.UserTests</span>
            </div> <!-- main-panel-header rounded-window-top -->
            <div class="main-panel-content rounded-window-bottom">
              <div class="method">
                <div class="method-content">
                  <a name="testGetUser">
                  </a> <!-- testGetUser -->
                  <span class="method-name">testGetUser</span>
                  <div class="stack-trace">java.lang.AssertionError: 1 expectation failed.
Expected status code &lt;200&gt; but was &lt;404&gt;.

	at org.codehaus.groovy.runtime.callsite.ConstructorSite$ConstructorSiteNoUnwrapNoCoerce.callConstructor(ConstructorSite.java:108)
	at org.codehaus.groovy.runtime.callsite.CallSiteArray.defaultCallConstructor(CallSiteArray.java:57)
	at org.codehaus.groovy.runtime.callsite.AbstractCallSite.callConstructor(AbstractCallSite.java:263)
	at org.codehaus.groovy.runtime.callsite.AbstractCallSite.callConstructor(AbstractCallSite.java:277)
	at io.restassured.internal.ResponseSpecificationImpl$HamcrestAssertionClosure.validate(ResponseSpecificationImpl.groovy:512)
	at io.restassured.internal.ResponseSpecificationImpl$HamcrestAssertionClosure$validate$1.call(Unknown Source)
	at io.restassured.internal.ResponseSpecificationImpl.validateResponseIfRequired(ResponseSpecificationImpl.groovy:696)
	at io.restassured.internal.ResponseSpecificationImpl.this$2$validateResponseIfRequired(ResponseSpecificationImpl.groovy)
	at org.codehaus.groovy.runtime.callsite.PlainObjectMetaMethodSite.doInvoke(PlainObjectMetaMethodSite.java:43)
	at org.codehaus.groovy.runtime.callsite.PogoMetaMethodSite$PogoCachedMethodSiteNoUnwrapNoCoerce.invoke(PogoMetaMethodSite.java:198)
	at org.codehaus.groovy.runtime.callsite.PogoMetaMethodSite.callCurrent(PogoMetaMethodSite.java:62)
	at org.codehaus.groovy.runtime.callsite.AbstractCallSite.callCurrent(AbstractCallSite.java:185)
	at io.restassured.internal.ResponseSpecificationImpl.statusCode(ResponseSpecificationImpl.groovy:135)
	at io.restassured.specification.ResponseSpecification$statusCode$0.callCurrent(Unknown Source)
	at io.restassured.internal.ResponseSpecificationImpl.statusCode(ResponseSpecificationImpl.groovy:143)
	at io.restassured.internal.ValidatableResponseOptionsImpl.statusCode(ValidatableResponseOptionsImpl.java:89)
	at api.test.UserTests.testGetUser(UserTests.java:38)
	at java.base/java.util.ArrayList.forEach(ArrayList.java:1511)
... Removed 41 stack frames
</div> <!-- stack-trace -->
                </div> <!-- method-content -->
              </div> <!-- method -->
            </div> <!-- main-panel-content rounded-window-bottom -->
          </div> <!-- suite-PetStoreSuite-class-failed -->
          <div class="suite-PetStoreSuite-class-failed">
            <div class="main-panel-header rounded-window-top">
              <img src="failed.png"/>
              <span class="class-name">api.test.DDTests</span>
            </div> <!-- main-panel-header rounded-window-top -->
            <div class="main-panel-content rounded-window-bottom">
              <div class="method">
                <div class="method-content">
                  <a name="testCreateUserDD">
                  </a> <!-- testCreateUserDD -->
                  <span class="method-name">testCreateUserDD</span>
                  <div class="stack-trace">java.lang.RuntimeException: java.lang.RuntimeException: Error initializing ExcelUtils with file: src/test/resources/TestData.xlsx
	at java.base/java.util.ArrayList.forEach(ArrayList.java:1511)
Caused by: java.lang.RuntimeException: Error initializing ExcelUtils with file: src/test/resources/TestData.xlsx
	at api.utilities.ExcelUtils.&lt;init&gt;(ExcelUtils.java:21)
	at api.utilities.ExcelDataProviders.getUserData(ExcelDataProviders.java:11)
	... 29 more
Caused by: java.io.FileNotFoundException: src\test\resources\TestData.xlsx (The system cannot find the file specified)
	at java.base/java.io.FileInputStream.open0(Native Method)
	at java.base/java.io.FileInputStream.open(FileInputStream.java:216)
	at java.base/java.io.FileInputStream.&lt;init&gt;(FileInputStream.java:157)
	at java.base/java.io.FileInputStream.&lt;init&gt;(FileInputStream.java:111)
	at api.utilities.ExcelUtils.&lt;init&gt;(ExcelUtils.java:17)
	... 37 more
... Removed 36 stack frames
</div> <!-- stack-trace -->
                </div> <!-- method-content -->
              </div> <!-- method -->
              <div class="method">
                <div class="method-content">
                  <a name="testReadUserDD">
                  </a> <!-- testReadUserDD -->
                  <span class="method-name">testReadUserDD</span>
                  <div class="stack-trace">java.lang.RuntimeException: java.lang.RuntimeException: Error initializing ExcelUtils with file: src/test/resources/TestData.xlsx
	at java.base/java.util.ArrayList.forEach(ArrayList.java:1511)
Caused by: java.lang.RuntimeException: Error initializing ExcelUtils with file: src/test/resources/TestData.xlsx
	at api.utilities.ExcelUtils.&lt;init&gt;(ExcelUtils.java:21)
	at api.utilities.ExcelDataProviders.getUserData(ExcelDataProviders.java:11)
	... 29 more
Caused by: java.io.FileNotFoundException: src\test\resources\TestData.xlsx (The system cannot find the file specified)
	at java.base/java.io.FileInputStream.open0(Native Method)
	at java.base/java.io.FileInputStream.open(FileInputStream.java:216)
	at java.base/java.io.FileInputStream.&lt;init&gt;(FileInputStream.java:157)
	at java.base/java.io.FileInputStream.&lt;init&gt;(FileInputStream.java:111)
	at api.utilities.ExcelUtils.&lt;init&gt;(ExcelUtils.java:17)
	... 37 more
... Removed 36 stack frames
</div> <!-- stack-trace -->
                </div> <!-- method-content -->
              </div> <!-- method -->
            </div> <!-- main-panel-content rounded-window-bottom -->
          </div> <!-- suite-PetStoreSuite-class-failed -->
          <div class="suite-PetStoreSuite-class-failed">
            <div class="main-panel-header rounded-window-top">
              <img src="failed.png"/>
              <span class="class-name">api.test.UserTestsISA</span>
            </div> <!-- main-panel-header rounded-window-top -->
            <div class="main-panel-content rounded-window-bottom">
              <div class="method">
                <div class="method-content">
                  <a name="testGetUser">
                  </a> <!-- testGetUser -->
                  <span class="method-name">testGetUser</span>
                  <div class="stack-trace">java.lang.AssertionError: 1 expectation failed.
Expected status code &lt;200&gt; but was &lt;404&gt;.

	at org.codehaus.groovy.runtime.callsite.ConstructorSite$ConstructorSiteNoUnwrapNoCoerce.callConstructor(ConstructorSite.java:108)
	at org.codehaus.groovy.runtime.callsite.AbstractCallSite.callConstructor(AbstractCallSite.java:277)
	at io.restassured.internal.ResponseSpecificationImpl$HamcrestAssertionClosure.validate(ResponseSpecificationImpl.groovy:512)
	at io.restassured.internal.ResponseSpecificationImpl$HamcrestAssertionClosure$validate$1.call(Unknown Source)
	at io.restassured.internal.ResponseSpecificationImpl.validateResponseIfRequired(ResponseSpecificationImpl.groovy:696)
	at io.restassured.internal.ResponseSpecificationImpl.this$2$validateResponseIfRequired(ResponseSpecificationImpl.groovy)
	at org.codehaus.groovy.runtime.callsite.PlainObjectMetaMethodSite.doInvoke(PlainObjectMetaMethodSite.java:43)
	at org.codehaus.groovy.runtime.callsite.PogoMetaMethodSite$PogoCachedMethodSiteNoUnwrapNoCoerce.invoke(PogoMetaMethodSite.java:198)
	at org.codehaus.groovy.runtime.callsite.PogoMetaMethodSite.callCurrent(PogoMetaMethodSite.java:62)
	at org.codehaus.groovy.runtime.callsite.AbstractCallSite.callCurrent(AbstractCallSite.java:185)
	at io.restassured.internal.ResponseSpecificationImpl.statusCode(ResponseSpecificationImpl.groovy:135)
	at io.restassured.specification.ResponseSpecification$statusCode$0.callCurrent(Unknown Source)
	at io.restassured.internal.ResponseSpecificationImpl.statusCode(ResponseSpecificationImpl.groovy:143)
	at io.restassured.internal.ValidatableResponseOptionsImpl.statusCode(ValidatableResponseOptionsImpl.java:89)
	at api.test.UserTestsISA.testGetUser(UserTestsISA.java:38)
	at java.base/java.util.ArrayList.forEach(ArrayList.java:1511)
... Removed 41 stack frames
</div> <!-- stack-trace -->
                </div> <!-- method-content -->
              </div> <!-- method -->
            </div> <!-- main-panel-content rounded-window-bottom -->
          </div> <!-- suite-PetStoreSuite-class-failed -->
          <div class="suite-PetStoreSuite-class-failed">
            <div class="main-panel-header rounded-window-top">
              <img src="failed.png"/>
              <span class="class-name">api.test.UserTests2</span>
            </div> <!-- main-panel-header rounded-window-top -->
            <div class="main-panel-content rounded-window-bottom">
              <div class="method">
                <div class="method-content">
                  <a name="testGetUser">
                  </a> <!-- testGetUser -->
                  <span class="method-name">testGetUser</span>
                  <div class="stack-trace">java.lang.AssertionError: 1 expectation failed.
Expected status code &lt;200&gt; but was &lt;404&gt;.

	at org.codehaus.groovy.runtime.callsite.ConstructorSite$ConstructorSiteNoUnwrapNoCoerce.callConstructor(ConstructorSite.java:108)
	at org.codehaus.groovy.runtime.callsite.AbstractCallSite.callConstructor(AbstractCallSite.java:277)
	at io.restassured.internal.ResponseSpecificationImpl$HamcrestAssertionClosure.validate(ResponseSpecificationImpl.groovy:512)
	at io.restassured.internal.ResponseSpecificationImpl$HamcrestAssertionClosure$validate$1.call(Unknown Source)
	at io.restassured.internal.ResponseSpecificationImpl.validateResponseIfRequired(ResponseSpecificationImpl.groovy:696)
	at io.restassured.internal.ResponseSpecificationImpl.this$2$validateResponseIfRequired(ResponseSpecificationImpl.groovy)
	at org.codehaus.groovy.runtime.callsite.PlainObjectMetaMethodSite.doInvoke(PlainObjectMetaMethodSite.java:43)
	at org.codehaus.groovy.runtime.callsite.PogoMetaMethodSite$PogoCachedMethodSiteNoUnwrapNoCoerce.invoke(PogoMetaMethodSite.java:198)
	at org.codehaus.groovy.runtime.callsite.PogoMetaMethodSite.callCurrent(PogoMetaMethodSite.java:62)
	at org.codehaus.groovy.runtime.callsite.AbstractCallSite.callCurrent(AbstractCallSite.java:185)
	at io.restassured.internal.ResponseSpecificationImpl.statusCode(ResponseSpecificationImpl.groovy:135)
	at io.restassured.specification.ResponseSpecification$statusCode$0.callCurrent(Unknown Source)
	at io.restassured.internal.ResponseSpecificationImpl.statusCode(ResponseSpecificationImpl.groovy:143)
	at io.restassured.internal.ValidatableResponseOptionsImpl.statusCode(ValidatableResponseOptionsImpl.java:89)
	at api.test.UserTests2.testGetUser(UserTests2.java:38)
	at java.base/java.util.ArrayList.forEach(ArrayList.java:1511)
... Removed 41 stack frames
</div> <!-- stack-trace -->
                </div> <!-- method-content -->
              </div> <!-- method -->
            </div> <!-- main-panel-content rounded-window-bottom -->
          </div> <!-- suite-PetStoreSuite-class-failed -->
          <div class="suite-PetStoreSuite-class-failed">
            <div class="main-panel-header rounded-window-top">
              <img src="failed.png"/>
              <span class="class-name">api.test.ISATests</span>
            </div> <!-- main-panel-header rounded-window-top -->
            <div class="main-panel-content rounded-window-bottom">
              <div class="method">
                <div class="method-content">
                  <a name="testISAEndpoints">
                  </a> <!-- testISAEndpoints -->
                  <span class="method-name">testISAEndpoints</span>
                  <div class="stack-trace">org.testng.TestNGException: 
Method public void api.test.ISATests.testISAEndpoints(java.lang.String,java.lang.String,int) requires a @DataProvider named : ISAData in class api.utilities.ExcelDataProviders
	at java.base/java.util.ArrayList.forEach(ArrayList.java:1511)
... Removed 28 stack frames
</div> <!-- stack-trace -->
                </div> <!-- method-content -->
              </div> <!-- method -->
            </div> <!-- main-panel-content rounded-window-bottom -->
          </div> <!-- suite-PetStoreSuite-class-failed -->
          <div class="suite-PetStoreSuite-class-passed">
            <div class="main-panel-header rounded-window-top">
              <img src="passed.png"/>
              <span class="class-name">api.test.UserTests</span>
            </div> <!-- main-panel-header rounded-window-top -->
            <div class="main-panel-content rounded-window-bottom">
              <div class="method">
                <div class="method-content">
                  <a name="testCreateUser">
                  </a> <!-- testCreateUser -->
                  <span class="method-name">testCreateUser</span>
                </div> <!-- method-content -->
              </div> <!-- method -->
              <div class="method">
                <div class="method-content">
                  <a name="testDeleteUser">
                  </a> <!-- testDeleteUser -->
                  <span class="method-name">testDeleteUser</span>
                </div> <!-- method-content -->
              </div> <!-- method -->
              <div class="method">
                <div class="method-content">
                  <a name="testUpdateUser">
                  </a> <!-- testUpdateUser -->
                  <span class="method-name">testUpdateUser</span>
                </div> <!-- method-content -->
              </div> <!-- method -->
            </div> <!-- main-panel-content rounded-window-bottom -->
          </div> <!-- suite-PetStoreSuite-class-passed -->
          <div class="suite-PetStoreSuite-class-passed">
            <div class="main-panel-header rounded-window-top">
              <img src="passed.png"/>
              <span class="class-name">api.test.UserTestsISA</span>
            </div> <!-- main-panel-header rounded-window-top -->
            <div class="main-panel-content rounded-window-bottom">
              <div class="method">
                <div class="method-content">
                  <a name="testCreateUser">
                  </a> <!-- testCreateUser -->
                  <span class="method-name">testCreateUser</span>
                </div> <!-- method-content -->
              </div> <!-- method -->
              <div class="method">
                <div class="method-content">
                  <a name="testDeleteUser">
                  </a> <!-- testDeleteUser -->
                  <span class="method-name">testDeleteUser</span>
                </div> <!-- method-content -->
              </div> <!-- method -->
              <div class="method">
                <div class="method-content">
                  <a name="testUpdateUser">
                  </a> <!-- testUpdateUser -->
                  <span class="method-name">testUpdateUser</span>
                </div> <!-- method-content -->
              </div> <!-- method -->
            </div> <!-- main-panel-content rounded-window-bottom -->
          </div> <!-- suite-PetStoreSuite-class-passed -->
          <div class="suite-PetStoreSuite-class-passed">
            <div class="main-panel-header rounded-window-top">
              <img src="passed.png"/>
              <span class="class-name">api.test.UserTests2</span>
            </div> <!-- main-panel-header rounded-window-top -->
            <div class="main-panel-content rounded-window-bottom">
              <div class="method">
                <div class="method-content">
                  <a name="testCreateUser">
                  </a> <!-- testCreateUser -->
                  <span class="method-name">testCreateUser</span>
                </div> <!-- method-content -->
              </div> <!-- method -->
              <div class="method">
                <div class="method-content">
                  <a name="testDeleteUser">
                  </a> <!-- testDeleteUser -->
                  <span class="method-name">testDeleteUser</span>
                </div> <!-- method-content -->
              </div> <!-- method -->
              <div class="method">
                <div class="method-content">
                  <a name="testUpdateUser">
                  </a> <!-- testUpdateUser -->
                  <span class="method-name">testUpdateUser</span>
                </div> <!-- method-content -->
              </div> <!-- method -->
            </div> <!-- main-panel-content rounded-window-bottom -->
          </div> <!-- suite-PetStoreSuite-class-passed -->
        </div> <!-- panel PetStoreSuite -->
        <div panel-name="test-xml-PetStoreSuite" class="panel">
          <div class="main-panel-header rounded-window-top">
            <span class="header-content">C:\Users\Raghav_Pareek\Desktop\Hybrid_Automation\PetStoreAutomation\testng.xml</span>
          </div> <!-- main-panel-header rounded-window-top -->
          <div class="main-panel-content rounded-window-bottom">
            <pre>
&lt;?xml version=&quot;1.0&quot; encoding=&quot;UTF-8&quot;?&gt;
&lt;!DOCTYPE suite SYSTEM &quot;https://testng.org/testng-1.0.dtd&quot;&gt;
&lt;suite name=&quot;PetStoreSuite&quot; guice-stage=&quot;DEVELOPMENT&quot; verbose=&quot;0&quot;&gt;
  &lt;listeners&gt;
    &lt;listener class-name=&quot;api.utilities.ExtentReportListener&quot;/&gt;
  &lt;/listeners&gt;
  &lt;test thread-count=&quot;5&quot; name=&quot;PetStore Tests&quot; verbose=&quot;0&quot;&gt;
    &lt;packages&gt;
      &lt;package name=&quot;api.test&quot;/&gt;
    &lt;/packages&gt;
    &lt;classes&gt;
      &lt;class name=&quot;api.test.DDTests&quot;/&gt;
      &lt;class name=&quot;api.test.ISATests&quot;/&gt;
      &lt;class name=&quot;api.test.PaymentTestsISA&quot;/&gt;
      &lt;class name=&quot;api.test.UserTests&quot;/&gt;
      &lt;class name=&quot;api.test.UserTests2&quot;/&gt;
      &lt;class name=&quot;api.test.UserTestsISA&quot;/&gt;
    &lt;/classes&gt;
  &lt;/test&gt; &lt;!-- PetStore Tests --&gt;
&lt;/suite&gt; &lt;!-- PetStoreSuite --&gt;
            </pre>
          </div> <!-- main-panel-content rounded-window-bottom -->
        </div> <!-- panel -->
        <div panel-name="testlist-PetStoreSuite" class="panel">
          <div class="main-panel-header rounded-window-top">
            <span class="header-content">Tests for PetStoreSuite</span>
          </div> <!-- main-panel-header rounded-window-top -->
          <div class="main-panel-content rounded-window-bottom">
            <ul>
              <li>
                <span class="test-name">PetStore Tests (6 classes)</span>
              </li>
            </ul>
          </div> <!-- main-panel-content rounded-window-bottom -->
        </div> <!-- panel -->
        <div panel-name="group-PetStoreSuite" class="panel">
          <div class="main-panel-header rounded-window-top">
            <span class="header-content">Groups for PetStoreSuite</span>
          </div> <!-- main-panel-header rounded-window-top -->
          <div class="main-panel-content rounded-window-bottom">
            <div class="test-group">
              <span class="test-group-name">isa</span>
              <br/>
              <div class="method-in-group">
                <span class="method-in-group-name">testCreatePayment</span>
                <br/>
              </div> <!-- method-in-group -->
              <div class="method-in-group">
                <span class="method-in-group-name">testDeletePayment</span>
                <br/>
              </div> <!-- method-in-group -->
              <div class="method-in-group">
                <span class="method-in-group-name">testGetPayment</span>
                <br/>
              </div> <!-- method-in-group -->
              <div class="method-in-group">
                <span class="method-in-group-name">testISAEndpoints</span>
                <br/>
              </div> <!-- method-in-group -->
              <div class="method-in-group">
                <span class="method-in-group-name">testUpdatePayment</span>
                <br/>
              </div> <!-- method-in-group -->
            </div> <!-- test-group -->
          </div> <!-- main-panel-content rounded-window-bottom -->
        </div> <!-- panel -->
        <div panel-name="times-PetStoreSuite" class="panel">
          <div class="main-panel-header rounded-window-top">
            <span class="header-content">Times for PetStoreSuite</span>
          </div> <!-- main-panel-header rounded-window-top -->
          <div class="main-panel-content rounded-window-bottom">
            <div class="times-div">
              <script type="text/javascript">
suiteTableInitFunctions.push('tableData_PetStoreSuite');
function tableData_PetStoreSuite() {
var data = new google.visualization.DataTable();
data.addColumn('number', 'Number');
data.addColumn('string', 'Method');
data.addColumn('string', 'Class');
data.addColumn('number', 'Time (ms)');
data.addRows(19);
data.setCell(0, 0, 0)
data.setCell(0, 1, 'testCreatePayment')
data.setCell(0, 2, 'api.test.PaymentTestsISA')
data.setCell(0, 3, 7142);
data.setCell(1, 0, 1)
data.setCell(1, 1, 'testGetUser')
data.setCell(1, 2, 'api.test.UserTests2')
data.setCell(1, 3, 1481);
data.setCell(2, 0, 2)
data.setCell(2, 1, 'testGetUser')
data.setCell(2, 2, 'api.test.UserTests')
data.setCell(2, 3, 1398);
data.setCell(3, 0, 3)
data.setCell(3, 1, 'testCreateUser')
data.setCell(3, 2, 'api.test.UserTests')
data.setCell(3, 3, 1352);
data.setCell(4, 0, 4)
data.setCell(4, 1, 'testDeletePayment')
data.setCell(4, 2, 'api.test.PaymentTestsISA')
data.setCell(4, 3, 1319);
data.setCell(5, 0, 5)
data.setCell(5, 1, 'testGetPayment')
data.setCell(5, 2, 'api.test.PaymentTestsISA')
data.setCell(5, 3, 1289);
data.setCell(6, 0, 6)
data.setCell(6, 1, 'testUpdatePayment')
data.setCell(6, 2, 'api.test.PaymentTestsISA')
data.setCell(6, 3, 1227);
data.setCell(7, 0, 7)
data.setCell(7, 1, 'testUpdateUser')
data.setCell(7, 2, 'api.test.UserTests2')
data.setCell(7, 3, 1219);
data.setCell(8, 0, 8)
data.setCell(8, 1, 'testDeleteUser')
data.setCell(8, 2, 'api.test.UserTests2')
data.setCell(8, 3, 1158);
data.setCell(9, 0, 9)
data.setCell(9, 1, 'testDeleteUser')
data.setCell(9, 2, 'api.test.UserTests')
data.setCell(9, 3, 1080);
data.setCell(10, 0, 10)
data.setCell(10, 1, 'testUpdateUser')
data.setCell(10, 2, 'api.test.UserTests')
data.setCell(10, 3, 1059);
data.setCell(11, 0, 11)
data.setCell(11, 1, 'testCreateUser')
data.setCell(11, 2, 'api.test.UserTests2')
data.setCell(11, 3, 1051);
data.setCell(12, 0, 12)
data.setCell(12, 1, 'testGetUser')
data.setCell(12, 2, 'api.test.UserTestsISA')
data.setCell(12, 3, 1023);
data.setCell(13, 0, 13)
data.setCell(13, 1, 'testUpdateUser')
data.setCell(13, 2, 'api.test.UserTestsISA')
data.setCell(13, 3, 1009);
data.setCell(14, 0, 14)
data.setCell(14, 1, 'testDeleteUser')
data.setCell(14, 2, 'api.test.UserTestsISA')
data.setCell(14, 3, 987);
data.setCell(15, 0, 15)
data.setCell(15, 1, 'testCreateUser')
data.setCell(15, 2, 'api.test.UserTestsISA')
data.setCell(15, 3, 957);
data.setCell(16, 0, 16)
data.setCell(16, 1, 'testReadUserDD')
data.setCell(16, 2, 'api.test.DDTests')
data.setCell(16, 3, 0);
data.setCell(17, 0, 17)
data.setCell(17, 1, 'testCreateUserDD')
data.setCell(17, 2, 'api.test.DDTests')
data.setCell(17, 3, 0);
data.setCell(18, 0, 18)
data.setCell(18, 1, 'testISAEndpoints')
data.setCell(18, 2, 'api.test.ISATests')
data.setCell(18, 3, 0);
window.suiteTableData['PetStoreSuite']= { tableData: data, tableDiv: 'times-div-PetStoreSuite'}
return data;
}
              </script>
              <span class="suite-total-time">Total running time: 24 seconds</span>
              <div id="times-div-PetStoreSuite">
              </div> <!-- times-div-PetStoreSuite -->
            </div> <!-- times-div -->
          </div> <!-- main-panel-content rounded-window-bottom -->
        </div> <!-- panel -->
        <div panel-name="reporter-PetStoreSuite" class="panel">
          <div class="main-panel-header rounded-window-top">
            <span class="header-content">Reporter output for PetStoreSuite</span>
          </div> <!-- main-panel-header rounded-window-top -->
          <div class="main-panel-content rounded-window-bottom">
          </div> <!-- main-panel-content rounded-window-bottom -->
        </div> <!-- panel -->
        <div panel-name="ignored-methods-PetStoreSuite" class="panel">
          <div class="main-panel-header rounded-window-top">
            <span class="header-content">0 ignored methods</span>
          </div> <!-- main-panel-header rounded-window-top -->
          <div class="main-panel-content rounded-window-bottom">
          </div> <!-- main-panel-content rounded-window-bottom -->
        </div> <!-- panel -->
        <div panel-name="chronological-PetStoreSuite" class="panel">
          <div class="main-panel-header rounded-window-top">
            <span class="header-content">Methods in chronological order</span>
          </div> <!-- main-panel-header rounded-window-top -->
          <div class="main-panel-content rounded-window-bottom">
            <div class="chronological-class">
              <div class="chronological-class-name">api.test.PaymentTestsISA</div> <!-- chronological-class-name -->
              <div class="test-method">
                <img src="failed.png">
                </img>
                <span class="method-name">testCreatePayment</span>
                <span class="method-start">0 ms</span>
              </div> <!-- test-method -->
              <div class="test-method">
                <img src="failed.png">
                </img>
                <span class="method-name">testGetPayment</span>
                <span class="method-start">7187 ms</span>
              </div> <!-- test-method -->
              <div class="test-method">
                <img src="failed.png">
                </img>
                <span class="method-name">testUpdatePayment</span>
                <span class="method-start">8482 ms</span>
              </div> <!-- test-method -->
              <div class="test-method">
                <img src="failed.png">
                </img>
                <span class="method-name">testDeletePayment</span>
                <span class="method-start">9711 ms</span>
              </div> <!-- test-method -->
            </div> <!-- chronological-class -->
            <div class="chronological-class">
              <div class="chronological-class-name">api.test.UserTests</div> <!-- chronological-class-name -->
              <div class="configuration-class before">
                <span class="method-name">setup</span>
                <span class="method-start">11030 ms</span>
              </div> <!-- configuration-class before -->
              <div class="test-method">
                <span class="method-name">testCreateUser</span>
                <span class="method-start">11060 ms</span>
              </div> <!-- test-method -->
              <div class="test-method">
                <img src="failed.png">
                </img>
                <span class="method-name">testGetUser</span>
                <span class="method-start">12423 ms</span>
              </div> <!-- test-method -->
              <div class="test-method">
                <span class="method-name">testUpdateUser</span>
                <span class="method-start">13834 ms</span>
              </div> <!-- test-method -->
              <div class="test-method">
                <span class="method-name">testDeleteUser</span>
                <span class="method-start">14895 ms</span>
              </div> <!-- test-method -->
            </div> <!-- chronological-class -->
            <div class="chronological-class">
              <div class="chronological-class-name">api.test.UserTests2</div> <!-- chronological-class-name -->
              <div class="configuration-class before">
                <span class="method-name">setup</span>
                <span class="method-start">15977 ms</span>
              </div> <!-- configuration-class before -->
              <div class="test-method">
                <span class="method-name">testCreateUser</span>
                <span class="method-start">15981 ms</span>
              </div> <!-- test-method -->
              <div class="test-method">
                <img src="failed.png">
                </img>
                <span class="method-name">testGetUser</span>
                <span class="method-start">17034 ms</span>
              </div> <!-- test-method -->
              <div class="test-method">
                <span class="method-name">testUpdateUser</span>
                <span class="method-start">18520 ms</span>
              </div> <!-- test-method -->
              <div class="test-method">
                <span class="method-name">testDeleteUser</span>
                <span class="method-start">19747 ms</span>
              </div> <!-- test-method -->
            </div> <!-- chronological-class -->
            <div class="chronological-class">
              <div class="chronological-class-name">api.test.UserTestsISA</div> <!-- chronological-class-name -->
              <div class="configuration-class before">
                <span class="method-name">setup</span>
                <span class="method-start">20907 ms</span>
              </div> <!-- configuration-class before -->
              <div class="test-method">
                <span class="method-name">testCreateUser</span>
                <span class="method-start">20909 ms</span>
              </div> <!-- test-method -->
              <div class="test-method">
                <img src="failed.png">
                </img>
                <span class="method-name">testGetUser</span>
                <span class="method-start">21868 ms</span>
              </div> <!-- test-method -->
              <div class="test-method">
                <span class="method-name">testUpdateUser</span>
                <span class="method-start">22898 ms</span>
              </div> <!-- test-method -->
              <div class="test-method">
                <span class="method-name">testDeleteUser</span>
                <span class="method-start">23911 ms</span>
              </div> <!-- test-method -->
          </div> <!-- main-panel-content rounded-window-bottom -->
        </div> <!-- panel -->
      </div> <!-- main-panel-root -->
    </div> <!-- wrapper -->
  </body>
<script type="text/javascript" src="testng-reports2.js"></script>
</html>
